# JRE version: Java(TM) SE Runtime Environment (7.0_80-b15) (build 1.7.0_80-b15)
# Java VM: Java HotSpot(TM) 64-Bit Server VM (24.80-b11 mixed mode linux-amd64 compressed oops)
Heap
 PSYoungGen      total 27648K, used 0K [0x00000000efa00000, 0x00000000f3280000, 0x0000000100000000)
  eden space 25600K, 0% used [0x00000000efa00000,0x00000000efa00000,0x00000000f1300000)
  from space 2048K, 0% used [0x00000000f1300000,0x00000000f1300000,0x00000000f1500000)
  to   space 15360K, 0% used [0x00000000f2380000,0x00000000f2380000,0x00000000f3280000)
 ParOldGen       total 56320K, used 46482K [0x00000000cee00000, 0x00000000d2500000, 0x00000000efa00000)
  object space 56320K, 82% used [0x00000000cee00000,0x00000000d1b64850,0x00000000d2500000)
 PSPermGen       total 21504K, used 3399K [0x00000000c9c00000, 0x00000000cb100000, 0x00000000cee00000)
  object space 21504K, 15% used [0x00000000c9c00000,0x00000000c9f51e68,0x00000000cb100000)
GC Heap History (10 events):
Event: 19,081 GC heap after
Heap after GC invocations=2 (full 0):
 PSYoungGen      total 14848K, used 2048K [0x00000000efa00000, 0x00000000f1700000, 0x0000000100000000)
  eden space 12800K, 0% used [0x00000000efa00000,0x00000000efa00000,0x00000000f0680000)
  from space 2048K, 100% used [0x00000000f0880000,0x00000000f0a80000,0x00000000f0a80000)
  to   space 2048K, 0% used [0x00000000f0680000,0x00000000f0680000,0x00000000f0880000)
 ParOldGen       total 33280K, used 14600K [0x00000000cee00000, 0x00000000d0e80000, 0x00000000efa00000)
  object space 33280K, 43% used [0x00000000cee00000,0x00000000cfc42050,0x00000000d0e80000)
 PSPermGen       total 21504K, used 3400K [0x00000000c9c00000, 0x00000000cb100000, 0x00000000cee00000)
  object space 21504K, 15% used [0x00000000c9c00000,0x00000000c9f52318,0x00000000cb100000)
}
Event: 20,216 GC heap before
{Heap before GC invocations=3 (full 0):
 PSYoungGen      total 14848K, used 14848K [0x00000000efa00000, 0x00000000f1700000, 0x0000000100000000)
  eden space 12800K, 100% used [0x00000000efa00000,0x00000000f0680000,0x00000000f0680000)
  from space 2048K, 100% used [0x00000000f0880000,0x00000000f0a80000,0x00000000f0a80000)
  to   space 2048K, 0% used [0x00000000f0680000,0x00000000f0680000,0x00000000f0880000)
 ParOldGen       total 33280K, used 14600K [0x00000000cee00000, 0x00000000d0e80000, 0x00000000efa00000)
  object space 33280K, 43% used [0x00000000cee00000,0x00000000cfc42050,0x00000000d0e80000)
 PSPermGen       total 21504K, used 3400K [0x00000000c9c00000, 0x00000000cb100000, 0x00000000cee00000)
  object space 21504K, 15% used [0x00000000c9c00000,0x00000000c9f52318,0x00000000cb100000)
Event: 20,360 GC heap after
Heap after GC invocations=3 (full 0):
 PSYoungGen      total 14848K, used 2048K [0x00000000efa00000, 0x00000000f1700000, 0x0000000100000000)
  eden space 12800K, 0% used [0x00000000efa00000,0x00000000efa00000,0x00000000f0680000)
  from space 2048K, 100% used [0x00000000f0680000,0x00000000f0880000,0x00000000f0880000)
  to   space 2048K, 0% used [0x00000000f1500000,0x00000000f1500000,0x00000000f1700000)
 ParOldGen       total 33280K, used 23360K [0x00000000cee00000, 0x00000000d0e80000, 0x00000000efa00000)
  object space 33280K, 70% used [0x00000000cee00000,0x00000000d04d0050,0x00000000d0e80000)
 PSPermGen       total 21504K, used 3400K [0x00000000c9c00000, 0x00000000cb100000, 0x00000000cee00000)
  object space 21504K, 15% used [0x00000000c9c00000,0x00000000c9f52318,0x00000000cb100000)
}
Event: 20,360 GC heap before
{Heap before GC invocations=4 (full 1):
 PSYoungGen      total 14848K, used 2048K [0x00000000efa00000, 0x00000000f1700000, 0x0000000100000000)
  eden space 12800K, 0% used [0x00000000efa00000,0x00000000efa00000,0x00000000f0680000)
  from space 2048K, 100% used [0x00000000f0680000,0x00000000f0880000,0x00000000f0880000)
  to   space 2048K, 0% used [0x00000000f1500000,0x00000000f1500000,0x00000000f1700000)
 ParOldGen       total 33280K, used 23360K [0x00000000cee00000, 0x00000000d0e80000, 0x00000000efa00000)
  object space 33280K, 70% used [0x00000000cee00000,0x00000000d04d0050,0x00000000d0e80000)
 PSPermGen       total 21504K, used 3400K [0x00000000c9c00000, 0x00000000cb100000, 0x00000000cee00000)
  object space 21504K, 15% used [0x00000000c9c00000,0x00000000c9f52318,0x00000000cb100000)
Event: 22,424 GC heap after
Heap after GC invocations=4 (full 1):
 PSYoungGen      total 14848K, used 0K [0x00000000efa00000, 0x00000000f1700000, 0x0000000100000000)
  eden space 12800K, 0% used [0x00000000efa00000,0x00000000efa00000,0x00000000f0680000)
  from space 2048K, 0% used [0x00000000f0680000,0x00000000f0680000,0x00000000f0880000)
  to   space 2048K, 0% used [0x00000000f1500000,0x00000000f1500000,0x00000000f1700000)
 ParOldGen       total 56320K, used 25246K [0x00000000cee00000, 0x00000000d2500000, 0x00000000efa00000)
  object space 56320K, 44% used [0x00000000cee00000,0x00000000d06a79e8,0x00000000d2500000)
 PSPermGen       total 21504K, used 3399K [0x00000000c9c00000, 0x00000000cb100000, 0x00000000cee00000)
  object space 21504K, 15% used [0x00000000c9c00000,0x00000000c9f51e68,0x00000000cb100000)
}
Event: 23,466 GC heap before
{Heap before GC invocations=5 (full 1):
 PSYoungGen      total 14848K, used 12800K [0x00000000efa00000, 0x00000000f1700000, 0x0000000100000000)
  eden space 12800K, 100% used [0x00000000efa00000,0x00000000f0680000,0x00000000f0680000)
  from space 2048K, 0% used [0x00000000f0680000,0x00000000f0680000,0x00000000f0880000)
  to   space 2048K, 0% used [0x00000000f1500000,0x00000000f1500000,0x00000000f1700000)
 ParOldGen       total 56320K, used 25246K [0x00000000cee00000, 0x00000000d2500000, 0x00000000efa00000)
  object space 56320K, 44% used [0x00000000cee00000,0x00000000d06a79e8,0x00000000d2500000)
 PSPermGen       total 21504K, used 3399K [0x00000000c9c00000, 0x00000000cb100000, 0x00000000cee00000)
  object space 21504K, 15% used [0x00000000c9c00000,0x00000000c9f51e68,0x00000000cb100000)
Event: 23,577 GC heap after
Heap after GC invocations=5 (full 1):
 PSYoungGen      total 20480K, used 2048K [0x00000000efa00000, 0x00000000f1700000, 0x0000000100000000)
  eden space 18432K, 0% used [0x00000000efa00000,0x00000000efa00000,0x00000000f0c00000)
  from space 2048K, 100% used [0x00000000f1500000,0x00000000f1700000,0x00000000f1700000)
  to   space 2048K, 0% used [0x00000000f1300000,0x00000000f1300000,0x00000000f1500000)
 ParOldGen       total 56320K, used 31942K [0x00000000cee00000, 0x00000000d2500000, 0x00000000efa00000)
  object space 56320K, 56% used [0x00000000cee00000,0x00000000d0d319e8,0x00000000d2500000)
 PSPermGen       total 21504K, used 3399K [0x00000000c9c00000, 0x00000000cb100000, 0x00000000cee00000)
  object space 21504K, 15% used [0x00000000c9c00000,0x00000000c9f51e68,0x00000000cb100000)
}
Event: 25,370 GC heap before
{Heap before GC invocations=6 (full 1):
 PSYoungGen      total 20480K, used 20480K [0x00000000efa00000, 0x00000000f1700000, 0x0000000100000000)
  eden space 18432K, 100% used [0x00000000efa00000,0x00000000f0c00000,0x00000000f0c00000)
  from space 2048K, 100% used [0x00000000f1500000,0x00000000f1700000,0x00000000f1700000)
  to   space 2048K, 0% used [0x00000000f1300000,0x00000000f1300000,0x00000000f1500000)
 ParOldGen       total 56320K, used 31942K [0x00000000cee00000, 0x00000000d2500000, 0x00000000efa00000)
  object space 56320K, 56% used [0x00000000cee00000,0x00000000d0d319e8,0x00000000d2500000)
 PSPermGen       total 21504K, used 3399K [0x00000000c9c00000, 0x00000000cb100000, 0x00000000cee00000)
  object space 21504K, 15% used [0x00000000c9c00000,0x00000000c9f51e68,0x00000000cb100000)
Event: 25,824 GC heap after
Heap after GC invocations=6 (full 1):
 PSYoungGen      total 27648K, used 2048K [0x00000000efa00000, 0x00000000f3280000, 0x0000000100000000)
  eden space 25600K, 0% used [0x00000000efa00000,0x00000000efa00000,0x00000000f1300000)
  from space 2048K, 100% used [0x00000000f1300000,0x00000000f1500000,0x00000000f1500000)
  to   space 15360K, 0% used [0x00000000f2380000,0x00000000f2380000,0x00000000f3280000)
 ParOldGen       total 56320K, used 44542K [0x00000000cee00000, 0x00000000d2500000, 0x00000000efa00000)
  object space 56320K, 79% used [0x00000000cee00000,0x00000000d197f9e8,0x00000000d2500000)
 PSPermGen       total 21504K, used 3399K [0x00000000c9c00000, 0x00000000cb100000, 0x00000000cee00000)
  object space 21504K, 15% used [0x00000000c9c00000,0x00000000c9f51e68,0x00000000cb100000)
}
Event: 25,842 GC heap before
{Heap before GC invocations=7 (full 2):
 PSYoungGen      total 27648K, used 2048K [0x00000000efa00000, 0x00000000f3280000, 0x0000000100000000)
  eden space 25600K, 0% used [0x00000000efa00000,0x00000000efa00000,0x00000000f1300000)
  from space 2048K, 100% used [0x00000000f1300000,0x00000000f1500000,0x00000000f1500000)
  to   space 15360K, 0% used [0x00000000f2380000,0x00000000f2380000,0x00000000f3280000)
 ParOldGen       total 56320K, used 44542K [0x00000000cee00000, 0x00000000d2500000, 0x00000000efa00000)
  object space 56320K, 79% used [0x00000000cee00000,0x00000000d197f9e8,0x00000000d2500000)
 PSPermGen       total 21504K, used 3399K [0x00000000c9c00000, 0x00000000cb100000, 0x00000000cee00000)
  object space 21504K, 15% used [0x00000000c9c00000,0x00000000c9f51e68,0x00000000cb100000)

